<?xml version="1.0" encoding="UTF-8"?>
<testsuite name="Regression Test"
           tests="3"
           failures="1"
           errors="0"
           skipped="1"
           time="36.141">
  <properties />
            <testcase name="setUp" time="6.300" classname="com.nopcommerce.demo.testsuite.ComputerTest">
                <failure type="org.openqa.selenium.SessionNotCreatedException"
                  message="Could not start a new session. Response code 500. Message: session not created
from no such execution context: loader has changed while resolving nodes
  (Session info: chrome=113.0.5672.64) 
Host info: host: &apos;DESKTOP-EPLKQ92&apos;, ip: &apos;192.168.0.19&apos;
Build info: version: &apos;4.9.0&apos;, revision: &apos;d7057100a6&apos;
System info: os.name: &apos;Windows 10&apos;, os.arch: &apos;amd64&apos;, os.version: &apos;10.0&apos;, java.version: &apos;1.8.0_121&apos;
Driver info: org.openqa.selenium.chrome.ChromeDriver
Command: [null, newSession {capabilities=[Capabilities {browserName: chrome, goog:chromeOptions: {args: [--remote-allow-origins=*], extensions: []}}]}]"
              >
<![CDATA[org.openqa.selenium.SessionNotCreatedException: Could not start a new session. Response code 500. Message: session not created
from no such execution context: loader has changed while resolving nodes
  (Session info: chrome=113.0.5672.64) 
Host info: host: 'DESKTOP-EPLKQ92', ip: '192.168.0.19'
Build info: version: '4.9.0', revision: 'd7057100a6'
System info: os.name: 'Windows 10', os.arch: 'amd64', os.version: '10.0', java.version: '1.8.0_121'
Driver info: org.openqa.selenium.chrome.ChromeDriver
Command: [null, newSession {capabilities=[Capabilities {browserName: chrome, goog:chromeOptions: {args: [--remote-allow-origins=*], extensions: []}}]}]
  org.openqa.selenium.remote.ProtocolHandshake.createSession(ProtocolHandshake.java:136)
  org.openqa.selenium.remote.ProtocolHandshake.createSession(ProtocolHandshake.java:94)
  org.openqa.selenium.remote.ProtocolHandshake.createSession(ProtocolHandshake.java:68)
  org.openqa.selenium.remote.HttpCommandExecutor.execute(HttpCommandExecutor.java:165)
  org.openqa.selenium.remote.service.DriverCommandExecutor.invokeExecute(DriverCommandExecutor.java:183)
  org.openqa.selenium.remote.service.DriverCommandExecutor.execute(DriverCommandExecutor.java:158)
  org.openqa.selenium.remote.RemoteWebDriver.execute(RemoteWebDriver.java:543)
  org.openqa.selenium.remote.RemoteWebDriver.startSession(RemoteWebDriver.java:229)
  org.openqa.selenium.remote.RemoteWebDriver.<init>(RemoteWebDriver.java:157)
  org.openqa.selenium.chromium.ChromiumDriver.<init>(ChromiumDriver.java:101)
  org.openqa.selenium.chrome.ChromeDriver.<init>(ChromeDriver.java:88)
  org.openqa.selenium.chrome.ChromeDriver.<init>(ChromeDriver.java:84)
  org.openqa.selenium.chrome.ChromeDriver.<init>(ChromeDriver.java:52)
  com.nopcommerce.demo.browserfactory.ManageBrowser.selectBrowser(ManageBrowser.java:23)
  com.nopcommerce.demo.testbase.BaseTest.setUp(BaseTest.java:17)
  sun.reflect.NativeMethodAccessorImpl.invoke0(Native Method)
  sun.reflect.NativeMethodAccessorImpl.invoke(NativeMethodAccessorImpl.java:62)
  sun.reflect.DelegatingMethodAccessorImpl.invoke(DelegatingMethodAccessorImpl.java:43)
  java.lang.reflect.Method.invoke(Method.java:498)
  org.testng.internal.invokers.MethodInvocationHelper.invokeMethod(MethodInvocationHelper.java:135)
  org.testng.internal.invokers.MethodInvocationHelper.invokeMethodConsideringTimeout(MethodInvocationHelper.java:65)
  org.testng.internal.invokers.ConfigInvoker.invokeConfigurationMethod(ConfigInvoker.java:381)
  org.testng.internal.invokers.ConfigInvoker.invokeConfigurations(ConfigInvoker.java:319)
  org.testng.internal.invokers.TestInvoker.runConfigMethods(TestInvoker.java:803)
  org.testng.internal.invokers.TestInvoker.invokeMethod(TestInvoker.java:589)
  org.testng.internal.invokers.TestInvoker.invokeTestMethod(TestInvoker.java:220)
  org.testng.internal.invokers.MethodRunner.runInSequence(MethodRunner.java:50)
  org.testng.internal.invokers.TestInvoker$MethodInvocationAgent.invoke(TestInvoker.java:945)
  org.testng.internal.invokers.TestInvoker.invokeTestMethods(TestInvoker.java:193)
  org.testng.internal.invokers.TestMethodWorker.invokeTestMethods(TestMethodWorker.java:146)
  org.testng.internal.invokers.TestMethodWorker.run(TestMethodWorker.java:128)
  java.util.ArrayList.forEach(ArrayList.java:1249)
  org.testng.TestRunner.privateRun(TestRunner.java:808)
  org.testng.TestRunner.run(TestRunner.java:603)
  org.testng.SuiteRunner.runTest(SuiteRunner.java:429)
  org.testng.SuiteRunner.runSequentially(SuiteRunner.java:423)
  org.testng.SuiteRunner.privateRun(SuiteRunner.java:383)
  org.testng.SuiteRunner.run(SuiteRunner.java:326)
  org.testng.SuiteRunnerWorker.runSuite(SuiteRunnerWorker.java:52)
  org.testng.SuiteRunnerWorker.run(SuiteRunnerWorker.java:95)
  org.testng.TestNG.runSuitesSequentially(TestNG.java:1249)
  org.testng.TestNG.runSuitesLocally(TestNG.java:1169)
  org.testng.TestNG.runSuites(TestNG.java:1092)
  org.testng.TestNG.run(TestNG.java:1060)
  com.intellij.rt.testng.IDEARemoteTestNG.run(IDEARemoteTestNG.java:66)
  com.intellij.rt.testng.RemoteTestNGStarter.main(RemoteTestNGStarter.java:109)
]]>
      </failure>

          </testcase>
  
            <testcase name="verifyProductArrangeInAlphaBaticalOrder" time="0.0" classname="com.nopcommerce.demo.testsuite.ComputerTest">
          <skipped />
    </testcase>
  
            <testcase name="verifyProductAddedToShoppingCartSuccessFully" time="29.841" classname="com.nopcommerce.demo.testsuite.ComputerTest" />
      
</testsuite>
